<?xml version="1.0" encoding="UTF-8"?>
<!-- Generated by org.testng.reporters.JUnitReportReporter -->
<testsuite skipped="0" hostname="zhideiMac.local" name="testCase.testCase01" tests="1" failures="0" timestamp="11 九月 2017 03:20:08 GMT" time="28.619" errors="0">
  <testcase name="case01" time="28.619" classname="testCase.testCase01"/>
</testsuite> <!-- testCase.testCase01 -->
