<?xml version="1.0" encoding="UTF-8"?>
<!-- Generated by org.testng.reporters.JUnitReportReporter -->
<testsuite skipped="0" hostname="zhideiMac.local" name="testCase.testCase03" tests="1" failures="0" timestamp="05 九月 2017 02:11:44 GMT" time="27.785" errors="0">
  <testcase name="case03" time="27.785" classname="testCase.testCase03"/>
</testsuite> <!-- testCase.testCase03 -->
