<?xml version="1.0" encoding="UTF-8"?>
<!-- Generated by org.testng.reporters.JUnitReportReporter -->
<testsuite skipped="2" hostname="zhideiMac.local" name="testCase.testCase01" tests="3" failures="0" timestamp="13 九月 2017 08:38:33 GMT" time="90.105" errors="0">
  <testcase name="case01" time="30.574" classname="testCase.testCase01">
    <skipped/>
  </testcase> <!-- case01 -->
  <testcase name="case01" time="36.407" classname="testCase.testCase01"/>
  <testcase name="case01" time="23.124" classname="testCase.testCase01">
    <skipped/>
  </testcase> <!-- case01 -->
</testsuite> <!-- testCase.testCase01 -->
