<?xml version="1.0" encoding="UTF-8"?>
<!-- Generated by org.testng.reporters.JUnitReportReporter -->
<testsuite skipped="1" hostname="zhideiMac.local" name="testCase.testCase03" tests="1" failures="0" timestamp="13 九月 2017 08:11:08 GMT" time="0.000" errors="0">
  <testcase name="case03" time="0.000" classname="testCase.testCase03">
    <skipped/>
  </testcase> <!-- case03 -->
</testsuite> <!-- testCase.testCase03 -->
