<?xml version="1.0" encoding="UTF-8"?>
<!-- Generated by org.testng.reporters.JUnitReportReporter -->
<testsuite skipped="0" hostname="zhideiMac.local" name="testCase.testCase05" tests="1" failures="0" timestamp="14 九月 2017 06:40:26 GMT" time="30.060" errors="0">
  <testcase name="case04" time="30.060" classname="testCase.testCase05"/>
</testsuite> <!-- testCase.testCase05 -->
