<?xml version="1.0" encoding="UTF-8"?>
<!-- Generated by org.testng.reporters.JUnitReportReporter -->
<testsuite skipped="0" hostname="zhideiMac.local" name="testCase.testCase04" tests="1" failures="0" timestamp="13 九月 2017 08:38:33 GMT" time="29.887" errors="0">
  <testcase name="case04" time="29.887" classname="testCase.testCase04"/>
</testsuite> <!-- testCase.testCase04 -->
